{"text": "看色情表演", "spam": "看表演加巍"}
{"text": "看污关注我看污关注我看污关注我", "spam": "看蜾舞关注姐"}
{"text": "信用卡花呗京东白条", "spam": "信用卡花呗京东白条取现"}
{"text": "想鲁看我哦", "spam": "想看搔找我速度"}
{"text": "裸聊红包多多", "spam": "点我看艳儛"}
{"text": "看片加微信灎", "spam": "看逼奶微信灎"}
{"text": "花钱找帅哥约", "spam": "想找个帅哥艹莪"}
{"text": "想爱爱", "spam": "看野外激情大战"}
{"text": "开通威粒贷加威信灎", "spam": "看倮撩加威信灎"}
{"text": "点点撸撸帮", "spam": "看逼看奶加灎"}
{"text": "我阴茎关注你", "spam": "关注我什么都可以给你看"}
{"text": "我想洗鸟可以找你吗", "spam": "想看的哥哥找我哦我什么都可以给你看想"}
{"text": "看婐关注硪哟", "spam": "看蜾舞关注姐"}
{"text": "看刺激加葳灎", "spam": "看玩刺激表演潫"}
{"text": "看拖关注我看拖关注我", "spam": "关祝我关注我啥都可以看看"}
{"text": "看脱关注我", "spam": "关注我什么都可以看"}
{"text": "加微信免费看灎", "spam": "看逼奶微信灎"}
{"text": "想打飞机飞机飞机飞机飞机的点我关注", "spam": "想打飞飞机的关注"}
{"text": "有想看妹妹的哥哥点我", "spam": "哥哥们快找我有你们想看的"}
{"text": "看脱关我看脱关我", "spam": "关注我什么都可以看"}
{"text": "看真人直播秀免费送体验加葳灎", "spam": "妹撸"}
{"text": "看刺激葳", "spam": "想看妹妹玩刺激潫"}
{"text": "看倮聊私聊我", "spam": "看黄播的私聊"}
{"text": "看刺激葳灎", "spam": "看刺激关注姐"}
{"text": "我可以给你草哭了你信吗", "spam": "观注我都可以给你看"}
{"text": "看脱关注我看", "spam": "看刺激关注姐看"}
{"text": "看婐关注硪", "spam": "看蜾舞关注姐"}
{"text": "看污关注我看污关注我看污关注我看污关注我", "spam": "看蜾舞关注姐"}
{"text": "看倮聊私聊", "spam": "看黄播的私聊"}
{"text": "想打飞机飞机飞机飞机飞机的点我关注", "spam": "想打飞飞机的关注"}
{"text": "看看脱关注我", "spam": "看刺激关注姐看"}
{"text": "射婧有力", "spam": "点我看艳儛"}
{"text": "看拖关注我了", "spam": "看脱姐关注"}
{"text": "看倮薇信你", "spam": "看奶薇信灎"}
{"text": "看脱关注", "spam": "看脱姐关注"}
{"text": "有人有扫雷红包群玩吗加我玩", "spam": "玩红包关注我"}
{"text": "逼扒开看看", "spam": "看逼潫"}
{"text": "黄小逗花呗白条取现", "spam": "信用卡花呗京东白条取现"}
{"text": "关注加看精彩视频", "spam": "看裸关注"}
{"text": "玩婐关注我就", "spam": "玩的哥哥关注我什么都可以玩"}
{"text": "看污关注我", "spam": "看蜾舞关注姐"}
{"text": "点我看隐私部位", "spam": "想看我的点我"}
{"text": "老公弄我爽", "spam": "看逼关注姐"}
{"text": "看看污关注我", "spam": "看刺激关注姐看"}
{"text": "看倮聊私聊我", "spam": "看黄播的私聊"}
{"text": "套花呗找我", "spam": "支付宝花呗套找我"}
{"text": "嘻嘻看你们玩姐妹找我", "spam": "哥哥们快找我有你们想看的"}
{"text": "看脱关我看脱关我看脱关我看脱关我看脱关我看脱关我", "spam": "关注我什么都可以看"}
{"text": "看脱关注我看污关注我", "spam": "看蜾舞关注姐"}
{"text": "看婐关注我就", "spam": "看刺激关注姐"}
{"text": "寂寞加加", "spam": "看逼关注姐"}
{"text": "看表请关注", "spam": "观莪洎卫"}
{"text": "喜欢你的葡萄", "spam": "喜欢铞大的哥哥"}
{"text": "看刺激加葳", "spam": "看刺激关注姐"}
{"text": "信用卡花呗各种套", "spam": "花呗信用卡兑现找我"}
{"text": "看拖关注我", "spam": "关祝我关注我啥都可以看看"}
{"text": "看婐关注我", "spam": "看姐脱关注姐"}
{"text": "想日你逼", "spam": "倮聊薇灎"}
{"text": "我还想日你的", "spam": "哥哥们快找我有你们想看的"}
{"text": "看脱关我看脱关我看脱关我看脱关我", "spam": "关注我什么都可以看"}
{"text": "吻你双腿间的唇", "spam": "裸"}
{"text": "看拖关注我坎坎坷坷", "spam": "关祝我关注我啥都可以看看"}
{"text": "看污关注我看污关注我", "spam": "看蜾舞关注姐"}
{"text": "喷水想看加薇灎", "spam": "点我看艳舞"}
{"text": "看看污关注我", "spam": "看蜾舞关注姐"}